# JRE version: OpenJDK Runtime Environment (11.0.10) (build 11.0.10+0-b96-7249189)
# Java VM: OpenJDK 64-Bit Server VM (11.0.10+0-b96-7249189, mixed mode, tiered, compressed oops, g1 gc, windows-amd64)
Heap:
 garbage-first heap   total 114688K, used 77373K [0x00000000a0000000, 0x0000000100000000)
  region size 1024K, 24 young (24576K), 4 survivors (4096K)
 Metaspace       used 68059K, capacity 69859K, committed 70144K, reserved 1110016K
  class space    used 8766K, capacity 9431K, committed 9472K, reserved 1048576K
GC Heap History (20 events):
Event: 26.429 GC heap before
{Heap before GC invocations=33 (full 0):
 garbage-first heap   total 65536K, used 54166K [0x00000000a0000000, 0x0000000100000000)
  region size 1024K, 9 young (9216K), 1 survivors (1024K)
 Metaspace       used 54832K, capacity 56073K, committed 56320K, reserved 1097728K
  class space    used 6966K, capacity 7424K, committed 7424K, reserved 1048576K
}
Event: 26.434 GC heap after
{Heap after GC invocations=34 (full 0):
 garbage-first heap   total 78848K, used 46351K [0x00000000a0000000, 0x0000000100000000)
  region size 1024K, 2 young (2048K), 2 survivors (2048K)
 Metaspace       used 54832K, capacity 56073K, committed 56320K, reserved 1097728K
  class space    used 6966K, capacity 7424K, committed 7424K, reserved 1048576K
}
Event: 26.928 GC heap before
{Heap before GC invocations=35 (full 0):
 garbage-first heap   total 78848K, used 59663K [0x00000000a0000000, 0x0000000100000000)
  region size 1024K, 15 young (15360K), 2 survivors (2048K)
 Metaspace       used 56058K, capacity 57349K, committed 57600K, reserved 1099776K
  class space    used 7127K, capacity 7592K, committed 7680K, reserved 1048576K
}
Event: 26.933 GC heap after
{Heap after GC invocations=36 (full 0):
 garbage-first heap   total 78848K, used 47164K [0x00000000a0000000, 0x0000000100000000)
  region size 1024K, 2 young (2048K), 2 survivors (2048K)
 Metaspace       used 56058K, capacity 57349K, committed 57600K, reserved 1099776K
  class space    used 7127K, capacity 7592K, committed 7680K, reserved 1048576K
}
Event: 26.974 GC heap before
{Heap before GC invocations=36 (full 0):
 garbage-first heap   total 78848K, used 48188K [0x00000000a0000000, 0x0000000100000000)
  region size 1024K, 4 young (4096K), 2 survivors (2048K)
 Metaspace       used 56254K, capacity 57509K, committed 57600K, reserved 1099776K
  class space    used 7142K, capacity 7624K, committed 7680K, reserved 1048576K
}
Event: 26.980 GC heap after
{Heap after GC invocations=37 (full 0):
 garbage-first heap   total 78848K, used 47401K [0x00000000a0000000, 0x0000000100000000)
  region size 1024K, 2 young (2048K), 2 survivors (2048K)
 Metaspace       used 56254K, capacity 57509K, committed 57600K, reserved 1099776K
  class space    used 7142K, capacity 7624K, committed 7680K, reserved 1048576K
}
Event: 27.635 GC heap before
{Heap before GC invocations=38 (full 0):
 garbage-first heap   total 78848K, used 61737K [0x00000000a0000000, 0x0000000100000000)
  region size 1024K, 15 young (15360K), 2 survivors (2048K)
 Metaspace       used 58901K, capacity 60220K, committed 60416K, reserved 1101824K
  class space    used 7418K, capacity 7907K, committed 7936K, reserved 1048576K
}
Event: 27.641 GC heap after
{Heap after GC invocations=39 (full 0):
 garbage-first heap   total 78848K, used 47852K [0x00000000a0000000, 0x0000000100000000)
  region size 1024K, 2 young (2048K), 2 survivors (2048K)
 Metaspace       used 58901K, capacity 60220K, committed 60416K, reserved 1101824K
  class space    used 7418K, capacity 7907K, committed 7936K, reserved 1048576K
}
Event: 28.122 GC heap before
{Heap before GC invocations=39 (full 0):
 garbage-first heap   total 78848K, used 62188K [0x00000000a0000000, 0x0000000100000000)
  region size 1024K, 16 young (16384K), 2 survivors (2048K)
 Metaspace       used 60476K, capacity 61792K, committed 61952K, reserved 1103872K
  class space    used 7624K, capacity 8134K, committed 8192K, reserved 1048576K
}
Event: 28.129 GC heap after
{Heap after GC invocations=40 (full 0):
 garbage-first heap   total 95232K, used 48505K [0x00000000a0000000, 0x0000000100000000)
  region size 1024K, 2 young (2048K), 2 survivors (2048K)
 Metaspace       used 60476K, capacity 61792K, committed 61952K, reserved 1103872K
  class space    used 7624K, capacity 8134K, committed 8192K, reserved 1048576K
}
Event: 28.974 GC heap before
{Heap before GC invocations=41 (full 0):
 garbage-first heap   total 95232K, used 71033K [0x00000000a0000000, 0x0000000100000000)
  region size 1024K, 24 young (24576K), 2 survivors (2048K)
 Metaspace       used 61892K, capacity 63273K, committed 63360K, reserved 1103872K
  class space    used 7788K, capacity 8306K, committed 8320K, reserved 1048576K
}
Event: 28.983 GC heap after
{Heap after GC invocations=42 (full 0):
 garbage-first heap   total 95232K, used 49760K [0x00000000a0000000, 0x0000000100000000)
  region size 1024K, 3 young (3072K), 3 survivors (3072K)
 Metaspace       used 61892K, capacity 63273K, committed 63360K, reserved 1103872K
  class space    used 7788K, capacity 8306K, committed 8320K, reserved 1048576K
}
Event: 29.347 GC heap before
{Heap before GC invocations=42 (full 0):
 garbage-first heap   total 95232K, used 72288K [0x00000000a0000000, 0x0000000100000000)
  region size 1024K, 26 young (26624K), 3 survivors (3072K)
 Metaspace       used 62243K, capacity 63668K, committed 64000K, reserved 1105920K
  class space    used 7836K, capacity 8350K, committed 8448K, reserved 1048576K
}
Event: 29.362 GC heap after
{Heap after GC invocations=43 (full 0):
 garbage-first heap   total 95232K, used 51888K [0x00000000a0000000, 0x0000000100000000)
  region size 1024K, 4 young (4096K), 4 survivors (4096K)
 Metaspace       used 62243K, capacity 63668K, committed 64000K, reserved 1105920K
  class space    used 7836K, capacity 8350K, committed 8448K, reserved 1048576K
}
Event: 30.161 GC heap before
{Heap before GC invocations=44 (full 0):
 garbage-first heap   total 95232K, used 74416K [0x00000000a0000000, 0x0000000100000000)
  region size 1024K, 26 young (26624K), 4 survivors (4096K)
 Metaspace       used 62793K, capacity 64239K, committed 64384K, reserved 1105920K
  class space    used 7936K, capacity 8475K, committed 8576K, reserved 1048576K
}
Event: 30.175 GC heap after
{Heap after GC invocations=45 (full 0):
 garbage-first heap   total 95232K, used 53826K [0x00000000a0000000, 0x0000000100000000)
  region size 1024K, 4 young (4096K), 4 survivors (4096K)
 Metaspace       used 62793K, capacity 64239K, committed 64384K, reserved 1105920K
  class space    used 7936K, capacity 8475K, committed 8576K, reserved 1048576K
}
Event: 30.702 GC heap before
{Heap before GC invocations=45 (full 0):
 garbage-first heap   total 95232K, used 75330K [0x00000000a0000000, 0x0000000100000000)
  region size 1024K, 25 young (25600K), 4 survivors (4096K)
 Metaspace       used 63012K, capacity 64548K, committed 64640K, reserved 1105920K
  class space    used 7966K, capacity 8494K, committed 8576K, reserved 1048576K
}
Event: 30.752 GC heap after
{Heap after GC invocations=46 (full 0):
 garbage-first heap   total 114688K, used 55944K [0x00000000a0000000, 0x0000000100000000)
  region size 1024K, 4 young (4096K), 4 survivors (4096K)
 Metaspace       used 63012K, capacity 64548K, committed 64640K, reserved 1105920K
  class space    used 7966K, capacity 8494K, committed 8576K, reserved 1048576K
}
Event: 32.579 GC heap before
{Heap before GC invocations=47 (full 0):
 garbage-first heap   total 114688K, used 84616K [0x00000000a0000000, 0x0000000100000000)
  region size 1024K, 32 young (32768K), 4 survivors (4096K)
 Metaspace       used 65757K, capacity 67526K, committed 67712K, reserved 1107968K
  class space    used 8375K, capacity 8977K, committed 9088K, reserved 1048576K
}
Event: 32.613 GC heap after
{Heap after GC invocations=48 (full 0):
 garbage-first heap   total 114688K, used 57917K [0x00000000a0000000, 0x0000000100000000)
  region size 1024K, 4 young (4096K), 4 survivors (4096K)
 Metaspace       used 65757K, capacity 67526K, committed 67712K, reserved 1107968K
  class space    used 8375K, capacity 8977K, committed 9088K, reserved 1048576K
}

