# JRE version: OpenJDK Runtime Environment (11.0.10) (build 11.0.10+0-b96-7249189)
# Java VM: OpenJDK 64-Bit Server VM (11.0.10+0-b96-7249189, mixed mode, tiered, compressed oops, g1 gc, windows-amd64)
Heap:
 garbage-first heap   total 65536K, used 25884K [0x00000000a0000000, 0x0000000100000000)
  region size 1024K, 8 young (8192K), 4 survivors (4096K)
 Metaspace       used 35764K, capacity 36414K, committed 36608K, reserved 1081344K
  class space    used 4541K, capacity 4808K, committed 4864K, reserved 1048576K
GC Heap History (20 events):
Event: 2.072 GC heap before
{Heap before GC invocations=0 (full 0):
 garbage-first heap   total 65536K, used 19456K [0x00000000a0000000, 0x0000000100000000)
  region size 1024K, 14 young (14336K), 0 survivors (0K)
 Metaspace       used 7490K, capacity 7675K, committed 7936K, reserved 1056768K
  class space    used 688K, capacity 748K, committed 768K, reserved 1048576K
}
Event: 2.082 GC heap after
{Heap after GC invocations=1 (full 0):
 garbage-first heap   total 65536K, used 7677K [0x00000000a0000000, 0x0000000100000000)
  region size 1024K, 2 young (2048K), 2 survivors (2048K)
 Metaspace       used 7490K, capacity 7675K, committed 7936K, reserved 1056768K
  class space    used 688K, capacity 748K, committed 768K, reserved 1048576K
}
Event: 2.642 GC heap before
{Heap before GC invocations=1 (full 0):
 garbage-first heap   total 65536K, used 12797K [0x00000000a0000000, 0x0000000100000000)
  region size 1024K, 7 young (7168K), 2 survivors (2048K)
 Metaspace       used 9933K, capacity 10121K, committed 10368K, reserved 1058816K
  class space    used 1028K, capacity 1096K, committed 1152K, reserved 1048576K
}
Event: 2.648 GC heap after
{Heap after GC invocations=2 (full 0):
 garbage-first heap   total 65536K, used 8650K [0x00000000a0000000, 0x0000000100000000)
  region size 1024K, 1 young (1024K), 1 survivors (1024K)
 Metaspace       used 9933K, capacity 10121K, committed 10368K, reserved 1058816K
  class space    used 1028K, capacity 1096K, committed 1152K, reserved 1048576K
}
Event: 3.933 GC heap before
{Heap before GC invocations=2 (full 0):
 garbage-first heap   total 65536K, used 28106K [0x00000000a0000000, 0x0000000100000000)
  region size 1024K, 20 young (20480K), 1 survivors (1024K)
 Metaspace       used 10931K, capacity 11140K, committed 11264K, reserved 1058816K
  class space    used 1144K, capacity 1201K, committed 1280K, reserved 1048576K
}
Event: 3.938 GC heap after
{Heap after GC invocations=3 (full 0):
 garbage-first heap   total 65536K, used 9235K [0x00000000a0000000, 0x0000000100000000)
  region size 1024K, 2 young (2048K), 2 survivors (2048K)
 Metaspace       used 10931K, capacity 11140K, committed 11264K, reserved 1058816K
  class space    used 1144K, capacity 1201K, committed 1280K, reserved 1048576K
}
Event: 5.117 GC heap before
{Heap before GC invocations=3 (full 0):
 garbage-first heap   total 65536K, used 30739K [0x00000000a0000000, 0x0000000100000000)
  region size 1024K, 24 young (24576K), 2 survivors (2048K)
 Metaspace       used 11269K, capacity 11548K, committed 11776K, reserved 1060864K
  class space    used 1205K, capacity 1273K, committed 1280K, reserved 1048576K
}
Event: 5.128 GC heap after
{Heap after GC invocations=4 (full 0):
 garbage-first heap   total 65536K, used 13513K [0x00000000a0000000, 0x0000000100000000)
  region size 1024K, 3 young (3072K), 3 survivors (3072K)
 Metaspace       used 11269K, capacity 11548K, committed 11776K, reserved 1060864K
  class space    used 1205K, capacity 1273K, committed 1280K, reserved 1048576K
}
Event: 11.443 GC heap before
{Heap before GC invocations=4 (full 0):
 garbage-first heap   total 65536K, used 38089K [0x00000000a0000000, 0x0000000100000000)
  region size 1024K, 27 young (27648K), 3 survivors (3072K)
 Metaspace       used 17300K, capacity 17622K, committed 17920K, reserved 1064960K
  class space    used 2056K, capacity 2177K, committed 2304K, reserved 1048576K
}
Event: 11.655 GC heap after
{Heap after GC invocations=5 (full 0):
 garbage-first heap   total 65536K, used 15415K [0x00000000a0000000, 0x0000000100000000)
  region size 1024K, 3 young (3072K), 3 survivors (3072K)
 Metaspace       used 17300K, capacity 17622K, committed 17920K, reserved 1064960K
  class space    used 2056K, capacity 2177K, committed 2304K, reserved 1048576K
}
Event: 13.751 GC heap before
{Heap before GC invocations=5 (full 0):
 garbage-first heap   total 65536K, used 33847K [0x00000000a0000000, 0x0000000100000000)
  region size 1024K, 23 young (23552K), 3 survivors (3072K)
 Metaspace       used 20583K, capacity 21071K, committed 21248K, reserved 1067008K
  class space    used 2530K, capacity 2693K, committed 2816K, reserved 1048576K
}
Event: 13.759 GC heap after
{Heap after GC invocations=6 (full 0):
 garbage-first heap   total 65536K, used 16090K [0x00000000a0000000, 0x0000000100000000)
  region size 1024K, 3 young (3072K), 3 survivors (3072K)
 Metaspace       used 20583K, capacity 21071K, committed 21248K, reserved 1067008K
  class space    used 2530K, capacity 2693K, committed 2816K, reserved 1048576K
}
Event: 16.317 GC heap before
{Heap before GC invocations=7 (full 0):
 garbage-first heap   total 65536K, used 41690K [0x00000000a0000000, 0x0000000100000000)
  region size 1024K, 28 young (28672K), 3 survivors (3072K)
 Metaspace       used 23546K, capacity 24143K, committed 24320K, reserved 1071104K
  class space    used 2999K, capacity 3208K, committed 3328K, reserved 1048576K
}
Event: 16.326 GC heap after
{Heap after GC invocations=8 (full 0):
 garbage-first heap   total 65536K, used 17185K [0x00000000a0000000, 0x0000000100000000)
  region size 1024K, 2 young (2048K), 2 survivors (2048K)
 Metaspace       used 23546K, capacity 24143K, committed 24320K, reserved 1071104K
  class space    used 2999K, capacity 3208K, committed 3328K, reserved 1048576K
}
Event: 17.736 GC heap before
{Heap before GC invocations=8 (full 0):
 garbage-first heap   total 65536K, used 42785K [0x00000000a0000000, 0x0000000100000000)
  region size 1024K, 27 young (27648K), 2 survivors (2048K)
 Metaspace       used 26234K, capacity 26818K, committed 27008K, reserved 1073152K
  class space    used 3433K, capacity 3635K, committed 3712K, reserved 1048576K
}
Event: 17.743 GC heap after
{Heap after GC invocations=9 (full 0):
 garbage-first heap   total 65536K, used 18147K [0x00000000a0000000, 0x0000000100000000)
  region size 1024K, 3 young (3072K), 3 survivors (3072K)
 Metaspace       used 26234K, capacity 26818K, committed 27008K, reserved 1073152K
  class space    used 3433K, capacity 3635K, committed 3712K, reserved 1048576K
}
Event: 19.966 GC heap before
{Heap before GC invocations=9 (full 0):
 garbage-first heap   total 65536K, used 43747K [0x00000000a0000000, 0x0000000100000000)
  region size 1024K, 29 young (29696K), 3 survivors (3072K)
 Metaspace       used 29807K, capacity 30425K, committed 30592K, reserved 1075200K
  class space    used 3959K, capacity 4175K, committed 4224K, reserved 1048576K
}
Event: 19.974 GC heap after
{Heap after GC invocations=10 (full 0):
 garbage-first heap   total 65536K, used 19361K [0x00000000a0000000, 0x0000000100000000)
  region size 1024K, 4 young (4096K), 4 survivors (4096K)
 Metaspace       used 29807K, capacity 30425K, committed 30592K, reserved 1075200K
  class space    used 3959K, capacity 4175K, committed 4224K, reserved 1048576K
}
Event: 21.511 GC heap before
{Heap before GC invocations=10 (full 0):
 garbage-first heap   total 65536K, used 41889K [0x00000000a0000000, 0x0000000100000000)
  region size 1024K, 25 young (25600K), 4 survivors (4096K)
 Metaspace       used 35117K, capacity 35736K, committed 35840K, reserved 1081344K
  class space    used 4520K, capacity 4775K, committed 4864K, reserved 1048576K
}
Event: 21.529 GC heap after
{Heap after GC invocations=11 (full 0):
 garbage-first heap   total 65536K, used 23836K [0x00000000a0000000, 0x0000000100000000)
  region size 1024K, 4 young (4096K), 4 survivors (4096K)
 Metaspace       used 35117K, capacity 35736K, committed 35840K, reserved 1081344K
  class space    used 4520K, capacity 4775K, committed 4864K, reserved 1048576K
}

